F
======================================================================
FAIL: test_saltos (__main__.UnitTestSaltos)
----------------------------------------------------------------------
Traceback (most recent call last):
  File "/home/garysalazar/Documents/Universidad/GBM/Ejercicio3/unittest2.py", line 7, in test_saltos
    self.assertEqual(saltos.min_jumps(1), 3)
AssertionError: 1 != 3

----------------------------------------------------------------------
Ran 1 test in 0.000s

FAILED (failures=1)
